<?xml version="1.0" encoding="UTF-8" ?>
<testsuite failures="0" time="0.317" errors="0" skipped="0" tests="41" name="org.apache.mahout.matrix.TestVectorView">
  <properties>
    <property name="java.runtime.name" value="Java(TM) SE Runtime Environment"/>
    <property name="sun.boot.library.path" value="/System/Library/Frameworks/JavaVM.framework/Versions/1.6.0/Libraries"/>
    <property name="java.vm.version" value="11.3-b02-83"/>
    <property name="awt.nativeDoubleBuffering" value="true"/>
    <property name="gopherProxySet" value="false"/>
    <property name="java.vm.vendor" value="Apple Inc."/>
    <property name="java.vendor.url" value="http://www.apple.com/"/>
    <property name="path.separator" value=":"/>
    <property name="java.vm.name" value="Java HotSpot(TM) 64-Bit Server VM"/>
    <property name="file.encoding.pkg" value="sun.io"/>
    <property name="user.country" value="US"/>
    <property name="sun.java.launcher" value="SUN_STANDARD"/>
    <property name="sun.os.patch.level" value="unknown"/>
    <property name="java.vm.specification.name" value="Java Virtual Machine Specification"/>
    <property name="user.dir" value="/Volumes/tb/grantingersoll/projects/lucid/content/developerWorks/mahout/intro_to_mahout/mahout-src/core"/>
    <property name="java.runtime.version" value="1.6.0_13-b03-211"/>
    <property name="java.awt.graphicsenv" value="apple.awt.CGraphicsEnvironment"/>
    <property name="basedir" value="/Volumes/tb/grantingersoll/projects/lucid/content/developerWorks/mahout/intro_to_mahout/mahout-src/core"/>
    <property name="java.endorsed.dirs" value="/System/Library/Frameworks/JavaVM.framework/Versions/1.6.0/Home/lib/endorsed"/>
    <property name="os.arch" value="x86_64"/>
    <property name="java.io.tmpdir" value="/var/folders/3x/3xFVg3xW2RW7Yk+1YwUrt++++TI/-Tmp-/"/>
    <property name="line.separator" value="
"/>
    <property name="java.vm.specification.vendor" value="Sun Microsystems Inc."/>
    <property name="os.name" value="Mac OS X"/>
    <property name="sun.jnu.encoding" value="MacRoman"/>
    <property name="java.library.path" value=".:/Library/Java/Extensions:/System/Library/Java/Extensions:/usr/lib/java"/>
    <property name="java.specification.name" value="Java Platform API Specification"/>
    <property name="java.class.version" value="50.0"/>
    <property name="sun.management.compiler" value="HotSpot 64-Bit Server Compiler"/>
    <property name="os.version" value="10.5.8"/>
    <property name="user.home" value="/Volumes/User/grantingersoll"/>
    <property name="user.timezone" value="America/New_York"/>
    <property name="java.awt.printerjob" value="apple.awt.CPrinterJob"/>
    <property name="file.encoding" value="MacRoman"/>
    <property name="java.specification.version" value="1.6"/>
    <property name="user.name" value="grantingersoll"/>
    <property name="java.class.path" value="/var/folders/3x/3xFVg3xW2RW7Yk+1YwUrt++++TI/-Tmp-/surefirebooter6478575513187585669.jar"/>
    <property name="java.vm.specification.version" value="1.0"/>
    <property name="sun.arch.data.model" value="64"/>
    <property name="java.home" value="/System/Library/Frameworks/JavaVM.framework/Versions/1.6.0/Home"/>
    <property name="java.specification.vendor" value="Sun Microsystems Inc."/>
    <property name="user.language" value="en"/>
    <property name="awt.toolkit" value="apple.awt.CToolkit"/>
    <property name="java.vm.info" value="mixed mode"/>
    <property name="java.version" value="1.6.0_13"/>
    <property name="java.ext.dirs" value="/Library/Java/Extensions:/System/Library/Java/Extensions:/System/Library/Frameworks/JavaVM.framework/Versions/1.6.0/Home/lib/ext"/>
    <property name="sun.boot.class.path" value="/System/Library/Frameworks/JavaVM.framework/Versions/1.6.0/Classes/jsfd.jar:/System/Library/Frameworks/JavaVM.framework/Versions/1.6.0/Classes/classes.jar:/System/Library/Frameworks/JavaVM.framework/Frameworks/JavaRuntimeSupport.framework/Resources/Java/JavaRuntimeSupport.jar:/System/Library/Frameworks/JavaVM.framework/Versions/1.6.0/Classes/ui.jar:/System/Library/Frameworks/JavaVM.framework/Versions/1.6.0/Classes/laf.jar:/System/Library/Frameworks/JavaVM.framework/Versions/1.6.0/Classes/sunrsasign.jar:/System/Library/Frameworks/JavaVM.framework/Versions/1.6.0/Classes/jsse.jar:/System/Library/Frameworks/JavaVM.framework/Versions/1.6.0/Classes/jce.jar:/System/Library/Frameworks/JavaVM.framework/Versions/1.6.0/Classes/charsets.jar"/>
    <property name="java.vendor" value="Apple Inc."/>
    <property name="localRepository" value="/Volumes/User/grantingersoll/.m2/repository"/>
    <property name="file.separator" value="/"/>
    <property name="java.vendor.url.bug" value="http://bugreport.apple.com/"/>
    <property name="sun.cpu.endian" value="little"/>
    <property name="sun.io.unicode.encoding" value="UnicodeLittle"/>
    <property name="mrj.version" value="1050.1.6.0_13-211"/>
    <property name="sun.cpu.isalist" value=""/>
  </properties>
  <testcase time="0.003" classname="org.apache.mahout.matrix.TestVectorView" name="testSet"/>
  <testcase time="0.006" classname="org.apache.mahout.matrix.TestVectorView" name="testIterator"/>
  <testcase time="0.001" classname="org.apache.mahout.matrix.TestVectorView" name="testCardinality"/>
  <testcase time="0.001" classname="org.apache.mahout.matrix.TestVectorView" name="testCopy"/>
  <testcase time="0" classname="org.apache.mahout.matrix.TestVectorView" name="testLike"/>
  <testcase time="0" classname="org.apache.mahout.matrix.TestVectorView" name="testSize"/>
  <testcase time="0" classname="org.apache.mahout.matrix.TestVectorView" name="testViewPart"/>
  <testcase time="0" classname="org.apache.mahout.matrix.TestVectorView" name="testViewPartCardinality"/>
  <testcase time="0.001" classname="org.apache.mahout.matrix.TestVectorView" name="testAssignDouble"/>
  <testcase time="0.001" classname="org.apache.mahout.matrix.TestVectorView" name="testAssignUnaryFunction"/>
  <testcase time="0" classname="org.apache.mahout.matrix.TestVectorView" name="testGet"/>
  <testcase time="0.001" classname="org.apache.mahout.matrix.TestVectorView" name="testMinus"/>
  <testcase time="0" classname="org.apache.mahout.matrix.TestVectorView" name="testPlusDouble"/>
  <testcase time="0" classname="org.apache.mahout.matrix.TestVectorView" name="testTimesDouble"/>
  <testcase time="0" classname="org.apache.mahout.matrix.TestVectorView" name="testZSum"/>
  <testcase time="0.246" classname="org.apache.mahout.matrix.TestVectorView" name="testAsFormatString"/>
  <testcase time="0" classname="org.apache.mahout.matrix.TestVectorView" name="testGetOver"/>
  <testcase time="0" classname="org.apache.mahout.matrix.TestVectorView" name="testGetUnder"/>
  <testcase time="0" classname="org.apache.mahout.matrix.TestVectorView" name="testViewPartUnder"/>
  <testcase time="0.001" classname="org.apache.mahout.matrix.TestVectorView" name="testViewPartOver"/>
  <testcase time="0" classname="org.apache.mahout.matrix.TestVectorView" name="testDot"/>
  <testcase time="0" classname="org.apache.mahout.matrix.TestVectorView" name="testDotCardinality"/>
  <testcase time="0" classname="org.apache.mahout.matrix.TestVectorView" name="testNormalize"/>
  <testcase time="0" classname="org.apache.mahout.matrix.TestVectorView" name="testPlusVector"/>
  <testcase time="0.001" classname="org.apache.mahout.matrix.TestVectorView" name="testPlusVectorCardinality"/>
  <testcase time="0" classname="org.apache.mahout.matrix.TestVectorView" name="testDivideDouble"/>
  <testcase time="0" classname="org.apache.mahout.matrix.TestVectorView" name="testTimesVector"/>
  <testcase time="0" classname="org.apache.mahout.matrix.TestVectorView" name="testTimesVectorCardinality"/>
  <testcase time="0" classname="org.apache.mahout.matrix.TestVectorView" name="testAssignDoubleArray"/>
  <testcase time="0" classname="org.apache.mahout.matrix.TestVectorView" name="testAssignDoubleArrayCardinality"/>
  <testcase time="0" classname="org.apache.mahout.matrix.TestVectorView" name="testAssignVector"/>
  <testcase time="0" classname="org.apache.mahout.matrix.TestVectorView" name="testAssignVectorCardinality"/>
  <testcase time="0" classname="org.apache.mahout.matrix.TestVectorView" name="testAssignBinaryFunction"/>
  <testcase time="0" classname="org.apache.mahout.matrix.TestVectorView" name="testAssignBinaryFunction2"/>
  <testcase time="0.001" classname="org.apache.mahout.matrix.TestVectorView" name="testAssignBinaryFunction3"/>
  <testcase time="0" classname="org.apache.mahout.matrix.TestVectorView" name="testAssignBinaryFunctionCardinality"/>
  <testcase time="0" classname="org.apache.mahout.matrix.TestVectorView" name="testThisHaveSharedCells"/>
  <testcase time="0" classname="org.apache.mahout.matrix.TestVectorView" name="testViewHaveSharedCells"/>
  <testcase time="0" classname="org.apache.mahout.matrix.TestVectorView" name="testViewsHaveSharedCells"/>
  <testcase time="0" classname="org.apache.mahout.matrix.TestVectorView" name="testLikeN"/>
  <testcase time="0.003" classname="org.apache.mahout.matrix.TestVectorView" name="testCrossProduct"/>
</testsuite>